[2026-03-10 22:00:01] 开始执行新项目调研任务
[2026-03-10 22:00:01] 本次调研赛道：便民服务
[2026-03-10 22:00:05] 新项目调研任务执行完成，已生成草稿：测试项目_20260310_2200
[2026-03-11 00:00:01] 开始执行存量项目优化任务
[2026-03-11 00:00:01] 开始执行新项目调研任务
[2026-03-11 00:00:01] 本次调研赛道：便民服务
[2026-03-11 00:00:01] 本次优化项目：【20万内创业项目-社区银发助餐服务站.md】
[2026-03-11 00:02:15] 新项目调研任务执行完成，已生成草稿：测试项目_20260311_0000
[2026-03-11 00:02:15] 存量项目优化任务执行完成
[2026-03-11 02:00:01] 开始执行新项目调研任务
[2026-03-11 02:00:01] 本次调研赛道：银发经济
[2026-03-11 02:00:02] 新项目调研任务执行完成，已生成草稿：测试项目_20260311_0200
[2026-03-11 03:00:01] 开始执行存量项目优化任务
[2026-03-11 03:00:01] 本次优化项目：【20万内创业项目-社区宠物便民服务站.md】
[2026-03-11 03:01:32] 存量项目优化任务执行完成
[2026-03-11 04:00:01] 开始执行新项目调研任务
[2026-03-11 04:00:01] 本次调研赛道：本地生活
[2026-03-11 04:02:17] 新项目调研任务执行完成，已生成草稿：测试项目_20260311_0400
[2026-03-11 06:00:01] 开始执行存量项目优化任务
[2026-03-11 06:00:01] 开始执行新项目调研任务
[2026-03-11 06:00:01] 本次调研赛道：便民服务
[2026-03-11 06:00:01] 本次优化项目：【20万内创业项目-社区家政便民服务站.md】
[2026-03-11 06:02:14] 存量项目优化任务执行完成
[2026-03-11 06:02:14] 新项目调研任务执行完成，已生成草稿：测试项目_20260311_0600
[2026-03-11 08:00:01] 开始执行新项目调研任务
[2026-03-11 08:00:01] 本次调研赛道：宠物经济
[2026-03-11 08:02:14] 新项目调研任务执行完成，已生成草稿：测试项目_20260311_0800
[2026-03-11 09:00:01] 开始执行存量项目优化任务
[2026-03-11 09:00:01] 开始执行早间进度报告任务
[2026-03-11 09:00:01] 本次优化项目：【20万内创业项目-测试项目_20260311_0600.md】
[2026-03-11 09:00:01] 早间报告生成完成：\n📊 【早间进度报告】 2026-03-11
- 项目库总数量：9个
- 今日新增项目：5个
- 今日优化项目：3个
- 近期重点赛道：银发经济、宠物经济、社区便民服务
- 下一个待调研方向：绿色低碳循环经济类项目
[2026-03-11 09:02:15] 存量项目优化任务执行完成
[2026-03-11 10:00:01] 开始执行新项目调研任务
[2026-03-11 10:00:01] 本次调研赛道：轻资产服务
[2026-03-11 10:02:15] 新项目调研任务执行完成，已生成草稿：测试项目_20260311_1000
[2026-03-11 12:00:01] 开始执行存量项目优化任务
[2026-03-11 12:00:01] 开始执行新项目调研任务
[2026-03-11 12:00:01] 本次调研赛道：银发经济
[2026-03-11 12:00:01] 本次优化项目：【20万内创业项目-测试项目_20260311_1000.md】
[2026-03-11 12:02:16] 存量项目优化任务执行完成
[2026-03-11 12:02:16] 新项目调研任务执行完成，已生成草稿：测试项目_20260311_1200
[2026-03-11 14:00:01] 开始执行新项目调研任务
[2026-03-11 14:00:01] 本次调研赛道：绿色低碳
[2026-03-11 14:02:17] 新项目调研任务执行完成，已生成草稿：测试项目_20260311_1400
[2026-03-11 15:00:01] 开始执行存量项目优化任务
[2026-03-11 15:00:01] 本次优化项目：【20万内创业项目-测试项目_20260310_2200.md】
[2026-03-11 15:02:17] 存量项目优化任务执行完成
[2026-03-11 16:00:01] 开始执行新项目调研任务
[2026-03-11 16:00:01] 本次调研赛道：本地生活
[2026-03-11 16:00:03] 新项目调研任务执行完成，已生成草稿：测试项目_20260311_1600
[2026-03-11 18:00:01] 开始执行存量项目优化任务
[2026-03-11 18:00:01] 开始执行新项目调研任务
[2026-03-11 18:00:01] 本次调研赛道：银发经济
[2026-03-11 18:00:01] 本次优化项目：【20万内创业项目-测试项目_20260311_0600.md】
[2026-03-11 18:02:14] 新项目调研任务执行完成，已生成草稿：测试项目_20260311_1800
[2026-03-11 18:02:14] 存量项目优化任务执行完成
[2026-03-11 20:00:01] 开始执行新项目调研任务
[2026-03-11 20:00:01] 本次调研赛道：绿色低碳
[2026-03-11 20:02:15] 新项目调研任务执行完成，已生成草稿：测试项目_20260311_2000
[2026-03-11 21:00:01] 开始执行晚间进度报告任务
[2026-03-11 21:00:01] 开始执行存量项目优化任务
[2026-03-11 21:00:01] 本次优化项目：【20万内创业项目-测试项目_20260311_2000.md】
[2026-03-11 21:00:01] 晚间报告生成完成：\n📊 【晚间进度报告】 2026-03-11
- 项目库总数量：4个
- 今日新增项目：9个
- 今日优化项目：6个
- 近期重点赛道：银发经济、宠物经济、社区便民服务
- 下一个待调研方向：绿色低碳循环经济类项目
[2026-03-11 21:00:13] 存量项目优化任务执行完成
[2026-03-11 22:00:01] 开始执行新项目调研任务
[2026-03-11 22:00:01] 本次调研赛道：本地生活
[2026-03-11 22:00:04] 新项目调研任务执行完成，已生成草稿：测试项目_20260311_2200
[2026-03-12 00:00:01] 开始执行新项目调研任务
[2026-03-12 00:00:01] 开始执行存量项目优化任务
[2026-03-12 00:00:01] 本次调研赛道：兴趣经济
[2026-03-12 00:00:01] 本次优化项目：【20万内创业项目-社区银发助餐服务站.md】
[2026-03-12 00:01:11] 新项目调研任务执行完成，已生成草稿：测试项目_20260312_0000
[2026-03-12 00:01:16] 存量项目优化任务执行完成
[2026-03-12 02:00:01] 开始执行新项目调研任务
[2026-03-12 02:00:01] 本次调研赛道：银发经济
[2026-03-12 02:00:03] 新项目调研任务执行完成，已生成草稿：测试项目_20260312_0200
[2026-03-12 03:00:01] 开始执行存量项目优化任务
[2026-03-12 03:00:01] 本次优化项目：【20万内创业项目-测试项目_20260312_0200.md】
[2026-03-12 03:02:18] 存量项目优化任务执行完成
[2026-03-12 04:00:01] 开始执行新项目调研任务
[2026-03-12 04:00:01] 本次调研赛道：兴趣经济
[2026-03-12 04:00:03] 新项目调研任务执行完成，已生成草稿：测试项目_20260312_0400
[2026-03-12 06:00:01] 开始执行新项目调研任务
[2026-03-12 06:00:01] 开始执行存量项目优化任务
[2026-03-12 06:00:01] 本次调研赛道：轻资产服务
[2026-03-12 06:00:01] 本次优化项目：【20万内创业项目-测试项目_20260312_0400.md】
[2026-03-12 06:00:03] 存量项目优化任务执行完成
[2026-03-12 06:00:03] 新项目调研任务执行完成，已生成草稿：测试项目_20260312_0600
[2026-03-12 08:00:01] 开始执行新项目调研任务
[2026-03-12 08:00:01] 本次调研赛道：绿色低碳
[2026-03-12 08:00:10] 新项目调研任务执行完成，已生成草稿：测试项目_20260312_0800
[2026-03-12 09:00:01] 开始执行存量项目优化任务
[2026-03-12 09:00:01] 开始执行早间进度报告任务
[2026-03-12 09:00:01] 本次优化项目：【20万内创业项目-社区银发助餐服务站.md】
[2026-03-12 09:00:01] 早间报告生成完成：\n📊 【早间进度报告】 2026-03-12
- 项目库总数量：10个
- 今日新增项目：10个
- 今日优化项目：6个
- 近期重点赛道：银发经济、宠物经济、社区便民服务
- 下一个待调研方向：绿色低碳循环经济类项目
