[main 1dbbbb9] feat: 新增便民服务赛道项目调研草稿
 1 file changed, 29 insertions(+)
 create mode 100644 "\346\231\256\351\200\232\344\272\272\344\275\216\351\227\250\346\247\233\345\210\233\344\270\232\351\241\271\347\233\256\345\272\223/\343\200\22020\344\270\207\345\206\205\345\210\233\344\270\232\351\241\271\347\233\256-\346\265\213\350\257\225\351\241\271\347\233\256_20260310_2200.md\343\200\221"
To https://github.com/Benjamin142857/good-idea-by-openclaw.git
   74f98bd..1dbbbb9  main -> main
fatal: Unable to create '/tmp/good-idea/.git/index.lock': File exists.

Another git process seems to be running in this repository, e.g.
an editor opened by 'git commit'. Please make sure all processes
are terminated then try again. If it still fails, a git process
may have crashed in this repository earlier:
remove the file manually to continue.
fatal: unable to access 'https://github.com/Benjamin142857/good-idea-by-openclaw.git/': Failed to connect to github.com port 443 after 134596 ms: Couldn't connect to server
[main 03b2759] feat: 新增银发经济赛道项目调研草稿
 1 file changed, 29 insertions(+)
 create mode 100644 "\346\231\256\351\200\232\344\272\272\344\275\216\351\227\250\346\247\233\345\210\233\344\270\232\351\241\271\347\233\256\345\272\223/\343\200\22020\344\270\207\345\206\205\345\210\233\344\270\232\351\241\271\347\233\256-\346\265\213\350\257\225\351\241\271\347\233\256_20260311_0200.md\343\200\221"
To https://github.com/Benjamin142857/good-idea-by-openclaw.git
   1dbbbb9..03b2759  main -> main
[main a13b4f1] feat: 新增本地生活赛道项目调研草稿
 1 file changed, 29 insertions(+)
 create mode 100644 "\346\231\256\351\200\232\344\272\272\344\275\216\351\227\250\346\247\233\345\210\233\344\270\232\351\241\271\347\233\256\345\272\223/\343\200\22020\344\270\207\345\206\205\345\210\233\344\270\232\351\241\271\347\233\256-\346\265\213\350\257\225\351\241\271\347\233\256_20260311_0400.md\343\200\221"
fatal: unable to access 'https://github.com/Benjamin142857/good-idea-by-openclaw.git/': Failed to connect to github.com port 443 after 136346 ms: Couldn't connect to server
fatal: Unable to create '/tmp/good-idea/.git/index.lock': File exists.

Another git process seems to be running in this repository, e.g.
an editor opened by 'git commit'. Please make sure all processes
are terminated then try again. If it still fails, a git process
may have crashed in this repository earlier:
remove the file manually to continue.
fatal: unable to access 'https://github.com/Benjamin142857/good-idea-by-openclaw.git/': Failed to connect to github.com port 443 after 132535 ms: Couldn't connect to server
[main 4bb669e] feat: 新增宠物经济赛道项目调研草稿
 1 file changed, 29 insertions(+)
 create mode 100644 "\346\231\256\351\200\232\344\272\272\344\275\216\351\227\250\346\247\233\345\210\233\344\270\232\351\241\271\347\233\256\345\272\223/\343\200\22020\344\270\207\345\206\205\345\210\233\344\270\232\351\241\271\347\233\256-\346\265\213\350\257\225\351\241\271\347\233\256_20260311_0800.md\343\200\221"
fatal: unable to access 'https://github.com/Benjamin142857/good-idea-by-openclaw.git/': Failed to connect to github.com port 443 after 133624 ms: Couldn't connect to server
[main 3f0230b] feat: 新增轻资产服务赛道项目调研草稿
 1 file changed, 29 insertions(+)
 create mode 100644 "\346\231\256\351\200\232\344\272\272\344\275\216\351\227\250\346\247\233\345\210\233\344\270\232\351\241\271\347\233\256\345\272\223/\343\200\22020\344\270\207\345\206\205\345\210\233\344\270\232\351\241\271\347\233\256-\346\265\213\350\257\225\351\241\271\347\233\256_20260311_1000.md\343\200\221"
fatal: unable to access 'https://github.com/Benjamin142857/good-idea-by-openclaw.git/': Failed to connect to github.com port 443 after 134294 ms: Couldn't connect to server
fatal: Unable to create '/tmp/good-idea/.git/index.lock': File exists.

Another git process seems to be running in this repository, e.g.
an editor opened by 'git commit'. Please make sure all processes
are terminated then try again. If it still fails, a git process
may have crashed in this repository earlier:
remove the file manually to continue.
fatal: unable to access 'https://github.com/Benjamin142857/good-idea-by-openclaw.git/': Failed to connect to github.com port 443 after 134629 ms: Couldn't connect to server
[main 4c0ab32] feat: 新增绿色低碳赛道项目调研草稿
 1 file changed, 29 insertions(+)
 create mode 100644 "\346\231\256\351\200\232\344\272\272\344\275\216\351\227\250\346\247\233\345\210\233\344\270\232\351\241\271\347\233\256\345\272\223/\343\200\22020\344\270\207\345\206\205\345\210\233\344\270\232\351\241\271\347\233\256-\346\265\213\350\257\225\351\241\271\347\233\256_20260311_1400.md\343\200\221"
fatal: unable to access 'https://github.com/Benjamin142857/good-idea-by-openclaw.git/': Failed to connect to github.com port 443 after 135635 ms: Couldn't connect to server
[main e6cba9a] feat: 新增本地生活赛道项目调研草稿
 1 file changed, 29 insertions(+)
 create mode 100644 "\346\231\256\351\200\232\344\272\272\344\275\216\351\227\250\346\247\233\345\210\233\344\270\232\351\241\271\347\233\256\345\272\223/\343\200\22020\344\270\207\345\206\205\345\210\233\344\270\232\351\241\271\347\233\256-\346\265\213\350\257\225\351\241\271\347\233\256_20260311_1600.md\343\200\221"
To https://github.com/Benjamin142857/good-idea-by-openclaw.git
   03b2759..e6cba9a  main -> main
[main 730fe66] feat: 新增银发经济赛道项目调研草稿
 2 files changed, 30 insertions(+)
 create mode 100644 "\346\231\256\351\200\232\344\272\272\344\275\216\351\227\250\346\247\233\345\210\233\344\270\232\351\241\271\347\233\256\345\272\223/\343\200\22020\344\270\207\345\206\205\345\210\233\344\270\232\351\241\271\347\233\256-\346\265\213\350\257\225\351\241\271\347\233\256_20260311_1800.md\343\200\221"
fatal: unable to access 'https://github.com/Benjamin142857/good-idea-by-openclaw.git/': Failed to connect to github.com port 443 after 132959 ms: Couldn't connect to server
