[main 57d997f] optimize: 优化更新【20万内创业项目-社区银发助餐服务站.md】
 2 files changed, 30 insertions(+)
 create mode 100644 "\346\231\256\351\200\232\344\272\272\344\275\216\351\227\250\346\247\233\345\210\233\344\270\232\351\241\271\347\233\256\345\272\223/\343\200\22020\344\270\207\345\206\205\345\210\233\344\270\232\351\241\271\347\233\256-\346\265\213\350\257\225\351\241\271\347\233\256_20260311_0000.md\343\200\221"
fatal: unable to access 'https://github.com/Benjamin142857/good-idea-by-openclaw.git/': Failed to connect to github.com port 443 after 134594 ms: Couldn't connect to server
[main 98cc768] optimize: 优化更新【20万内创业项目-社区宠物便民服务站.md】
 1 file changed, 1 insertion(+)
fatal: unable to access 'https://github.com/Benjamin142857/good-idea-by-openclaw.git/': GnuTLS recv error (-110): The TLS connection was non-properly terminated.
fatal: Unable to create '/tmp/good-idea/.git/index.lock': File exists.

Another git process seems to be running in this repository, e.g.
an editor opened by 'git commit'. Please make sure all processes
are terminated then try again. If it still fails, a git process
may have crashed in this repository earlier:
remove the file manually to continue.
[main cb868d6] optimize: 优化更新【20万内创业项目-社区家政便民服务站.md】
 1 file changed, 29 insertions(+)
 create mode 100644 "\346\231\256\351\200\232\344\272\272\344\275\216\351\227\250\346\247\233\345\210\233\344\270\232\351\241\271\347\233\256\345\272\223/\343\200\22020\344\270\207\345\206\205\345\210\233\344\270\232\351\241\271\347\233\256-\346\265\213\350\257\225\351\241\271\347\233\256_20260311_0600.md\343\200\221"
fatal: unable to access 'https://github.com/Benjamin142857/good-idea-by-openclaw.git/': Failed to connect to github.com port 443 after 132535 ms: Couldn't connect to server
[main 247257e] optimize: 优化更新【20万内创业项目-测试项目_20260311_0600.md】
 1 file changed, 1 insertion(+)
fatal: unable to access 'https://github.com/Benjamin142857/good-idea-by-openclaw.git/': Failed to connect to github.com port 443 after 133285 ms: Couldn't connect to server
[main 63c322d] optimize: 优化更新【20万内创业项目-测试项目_20260311_1000.md】
 2 files changed, 30 insertions(+)
 create mode 100644 "\346\231\256\351\200\232\344\272\272\344\275\216\351\227\250\346\247\233\345\210\233\344\270\232\351\241\271\347\233\256\345\272\223/\343\200\22020\344\270\207\345\206\205\345\210\233\344\270\232\351\241\271\347\233\256-\346\265\213\350\257\225\351\241\271\347\233\256_20260311_1200.md\343\200\221"
fatal: unable to access 'https://github.com/Benjamin142857/good-idea-by-openclaw.git/': Failed to connect to github.com port 443 after 134625 ms: Couldn't connect to server
[main 59d5558] optimize: 优化更新【20万内创业项目-测试项目_20260310_2200.md】
 1 file changed, 1 insertion(+)
fatal: unable to access 'https://github.com/Benjamin142857/good-idea-by-openclaw.git/': Failed to connect to github.com port 443 after 136291 ms: Couldn't connect to server
fatal: Unable to create '/tmp/good-idea/.git/index.lock': File exists.

Another git process seems to be running in this repository, e.g.
an editor opened by 'git commit'. Please make sure all processes
are terminated then try again. If it still fails, a git process
may have crashed in this repository earlier:
remove the file manually to continue.
fatal: unable to access 'https://github.com/Benjamin142857/good-idea-by-openclaw.git/': Failed to connect to github.com port 443 after 132961 ms: Couldn't connect to server
